393	http://bj.meituan.com/meishi/c393/
11	http://bj.meituan.com/meishi/c11/
17	http://bj.meituan.com/meishi/c17/
40	http://bj.meituan.com/meishi/c40/
36	http://bj.meituan.com/meishi/c36/
28	http://bj.meituan.com/meishi/c28/
35	http://bj.meituan.com/meishi/c35/
395	http://bj.meituan.com/meishi/c395/
54	http://bj.meituan.com/meishi/c54/
20003	http://bj.meituan.com/meishi/c20003/
55	http://bj.meituan.com/meishi/c55/
56	http://bj.meituan.com/meishi/c56/
20004	http://bj.meituan.com/meishi/c20004/
57	http://bj.meituan.com/meishi/c57/
400	http://bj.meituan.com/meishi/c400/
58	http://bj.meituan.com/meishi/c58/
41	http://bj.meituan.com/meishi/c41/
60	http://bj.meituan.com/meishi/c60/
62	http://bj.meituan.com/meishi/c62/
63	http://bj.meituan.com/meishi/c63/
217	http://bj.meituan.com/meishi/c217/
227	http://bj.meituan.com/meishi/c227/
228	http://bj.meituan.com/meishi/c228/
229	http://bj.meituan.com/meishi/c229/
232	http://bj.meituan.com/meishi/c232/
233	http://bj.meituan.com/meishi/c233/
24	http://bj.meituan.com/meishi/c24/
59	http://bj.meituan.com/meishi/c59/
